<?xml version="1.0" encoding="UTF-8"?>
<testng-results ignored="0" total="1" passed="1" failed="0" skipped="0">
  <reporter-output>
  </reporter-output>
  <suite started-at="2021-08-20T18:09:28 IST" name="Default suite" finished-at="2021-08-20T18:09:30 IST" duration-ms="2534">
    <groups>
    </groups>
    <test started-at="2021-08-20T18:09:28 IST" name="Default test" finished-at="2021-08-20T18:09:30 IST" duration-ms="2534">
      <class name="RestAssuredDemo.RestAssured">
        <test-method signature="test()[pri:0, instance:RestAssuredDemo.RestAssured@d4342c2]" started-at="2021-08-20T18:09:28 IST" name="test" finished-at="2021-08-20T18:09:30 IST" duration-ms="2477" status="PASS">
          <reporter-output>
          </reporter-output>
        </test-method> <!-- test -->
      </class> <!-- RestAssuredDemo.RestAssured -->
    </test> <!-- Default test -->
  </suite> <!-- Default suite -->
</testng-results>
